<?xml version="1.0" encoding="UTF-8"?>
<!-- Generated by org.testng.reporters.JUnitReportReporter -->
<testsuite hostname="DESKTOP-1FKDCER" failures="0" tests="1" name="Runner.Runner" time="6.339" errors="0" timestamp="2024-04-24T13:43:58 IST" skipped="0">
  <testcase classname="Runner.Runner" name="runScenario" time="6.339"/>
  <system-out/>
</testsuite> <!-- Runner.Runner -->
